<?xml version="1.0" encoding="UTF-8"?>
<!-- Generated by org.testng.reporters.JUnitXMLReporter -->
<testsuite ignored="0" hostname="DESKTOP-9VHJMT7" failures="0" tests="7" name="Test" time="44.077" errors="0" timestamp="2023-11-15T19:19:27 EST">
  <testcase classname="Pages.TestShoppingSpree" name="hover" time="3.757"/>
  <testcase classname="Pages.TestShoppingSpree" name="choosecell" time="5.837"/>
  <testcase classname="Pages.TestShoppingSpree" name="gotocheckout" time="3.61"/>
  <testcase classname="Pages.TestShoppingSpree" name="coguest" time="0.567"/>
  <testcase classname="Pages.TestShoppingSpree" name="writeinfo" time="0.314"/>
  <testcase classname="Pages.TestShoppingSpree" name="continue1" time="18.985"/>
  <testcase classname="Pages.TestShoppingSpree" name="goback" time="0.245"/>
</testsuite> <!-- Test -->
